mode: set
github.com/linzhenlong/my-go-code/2020/study/errhanding/filelistingserver/web.go:16.82,17.54 1 1
github.com/linzhenlong/my-go-code/2020/study/errhanding/filelistingserver/web.go:17.54,19.16 1 1
github.com/linzhenlong/my-go-code/2020/study/errhanding/filelistingserver/web.go:25.3,27.17 3 1
github.com/linzhenlong/my-go-code/2020/study/errhanding/filelistingserver/web.go:19.16,20.32 1 1
github.com/linzhenlong/my-go-code/2020/study/errhanding/filelistingserver/web.go:20.32,23.5 2 1
github.com/linzhenlong/my-go-code/2020/study/errhanding/filelistingserver/web.go:27.17,31.41 2 1
github.com/linzhenlong/my-go-code/2020/study/errhanding/filelistingserver/web.go:35.4,35.11 1 1
github.com/linzhenlong/my-go-code/2020/study/errhanding/filelistingserver/web.go:43.4,43.46 1 1
github.com/linzhenlong/my-go-code/2020/study/errhanding/filelistingserver/web.go:31.41,34.5 2 1
github.com/linzhenlong/my-go-code/2020/study/errhanding/filelistingserver/web.go:36.28,37.31 1 1
github.com/linzhenlong/my-go-code/2020/study/errhanding/filelistingserver/web.go:38.30,39.32 1 1
github.com/linzhenlong/my-go-code/2020/study/errhanding/filelistingserver/web.go:40.12,41.42 1 1
github.com/linzhenlong/my-go-code/2020/study/errhanding/filelistingserver/web.go:49.13,52.16 3 0
github.com/linzhenlong/my-go-code/2020/study/errhanding/filelistingserver/web.go:52.16,53.13 1 0
